<?xml version="1.0" encoding="UTF-8"?>
<!-- Generated by org.testng.reporters.JUnitReportReporter -->
<testsuite hostname="MAKSUD" failures="0" tests="1" name="com.practice.prac01.prac001" time="10.060" errors="0" timestamp="2023-08-23T19:19:32 PDT" skipped="0">
  <testcase classname="com.practice.prac01.prac001" name="ron1" time="10.060"/>
</testsuite> <!-- com.practice.prac01.prac001 -->
