<?xml version="1.0" encoding="UTF-8"?>
<!-- Generated by org.testng.reporters.JUnitReportReporter -->
<testsuite hostname="MAKSUD" failures="0" tests="1" name="com.practice.prac01.prac0011" time="23.715" errors="0" timestamp="2023-08-25T19:22:19 PDT" skipped="0">
  <testcase classname="com.practice.prac01.prac0011" name="ron2" time="23.715"/>
</testsuite> <!-- com.practice.prac01.prac0011 -->
